<?xml version="1.0" encoding="UTF-8"?>
<!-- Generated by org.testng.reporters.JUnitXMLReporter -->
<testsuite ignored="0" hostname="yinons-MacBook-Pro-2.local" failures="0" tests="13" name="Test" time="56.657" errors="0" timestamp="2021-08-09T01:15:22 IDT">
  <testcase classname="TestsObjects.CreateCircleTest" name="CreateCircle" time="0.56"/>
  <testcase classname="TestsObjects.CreatePolygonTest" name="CreateCircle" time="0.741"/>
  <testcase classname="TestsObjects.DeleteCircleTest" name="CreateCircle" time="0.425"/>
  <testcase classname="TestsObjects.DeleteCircleTest" name="DeleteCircle" time="0.145"/>
  <testcase classname="TestsObjects.DragPolygonTest" name="CreateCircle" time="0.701"/>
  <testcase classname="TestsObjects.DragPolygonTest" name="DragAndDropPolygon" time="0.51"/>
  <testcase classname="TestsObjects.DivdePolygonTest" name="CreateCircle" time="0.735"/>
  <testcase classname="TestsObjects.DivdePolygonTest" name="DividePolygon" time="0.67"/>
  <testcase classname="TestsObjects.EditPolyLineTest" name="CreatePolyLine" time="0.451"/>
  <testcase classname="TestsObjects.EditPolyLineTest" name="EditPolyLineCircle" time="0.674"/>
  <testcase classname="TestsObjects.CreatePolyLineTest" name="CreatePolyLine" time="0.471"/>
  <testcase classname="TestsObjects.ZoomInTest" name="ZoomIn" time="1.014"/>
  <testcase classname="TestsObjects.ZoomOutTest" name="ZoomOut" time="4.326"/>
</testsuite> <!-- Test -->
