<?xml version="1.0" encoding="UTF-8"?>
<testng-results ignored="0" total="3" passed="3" failed="0" skipped="0">
  <reporter-output>
  </reporter-output>
  <suite started-at="2023-05-23T17:38:11 IDT" name="Suite" finished-at="2023-05-23T17:38:45 IDT" duration-ms="33905">
    <groups>
      <group name="sanity-group">
        <method signature="AddModels.ExisitingModel()[pri:3, instance:TestsObjects.AddModels@41b0ae4c]" name="ExisitingModel" class="TestsObjects.AddModels"/>
        <method signature="AddModels.MadeLogin()[pri:1, instance:TestsObjects.AddModels@41b0ae4c]" name="MadeLogin" class="TestsObjects.AddModels"/>
        <method signature="AddModels.NewModel()[pri:2, instance:TestsObjects.AddModels@41b0ae4c]" name="NewModel" class="TestsObjects.AddModels"/>
      </group> <!-- sanity-group -->
    </groups>
    <test started-at="2023-05-23T17:38:11 IDT" name="Test" finished-at="2023-05-23T17:38:45 IDT" duration-ms="33905">
      <class name="TestsObjects.AddModels">
        <test-method is-config="true" signature="setupCapability(org.testng.ITestContext)[pri:0, instance:TestsObjects.AddModels@41b0ae4c]" started-at="2023-05-23T17:38:11 IDT" name="setupCapability" finished-at="2023-05-23T17:38:18 IDT" duration-ms="7480" status="PASS">
          <params>
            <param index="0">
              <value>
                <![CDATA[org.testng.TestRunner@3bd3d05e]]>
              </value>
            </param>
          </params>
          <reporter-output>
          </reporter-output>
        </test-method> <!-- setupCapability -->
        <test-method signature="MadeLogin()[pri:1, instance:TestsObjects.AddModels@41b0ae4c]" started-at="2023-05-23T17:38:18 IDT" name="MadeLogin" finished-at="2023-05-23T17:38:21 IDT" duration-ms="2850" status="PASS">
          <reporter-output>
          </reporter-output>
        </test-method> <!-- MadeLogin -->
        <test-method signature="NewModel()[pri:2, instance:TestsObjects.AddModels@41b0ae4c]" started-at="2023-05-23T17:38:21 IDT" name="NewModel" finished-at="2023-05-23T17:38:23 IDT" duration-ms="2002" status="PASS">
          <reporter-output>
          </reporter-output>
        </test-method> <!-- NewModel -->
        <test-method signature="ExisitingModel()[pri:3, instance:TestsObjects.AddModels@41b0ae4c]" started-at="2023-05-23T17:38:23 IDT" name="ExisitingModel" finished-at="2023-05-23T17:38:45 IDT" duration-ms="21133" status="PASS">
          <reporter-output>
          </reporter-output>
        </test-method> <!-- ExisitingModel -->
        <test-method is-config="true" signature="close()[pri:0, instance:TestsObjects.AddModels@41b0ae4c]" started-at="2023-05-23T17:38:45 IDT" name="close" finished-at="2023-05-23T17:38:45 IDT" duration-ms="101" status="PASS">
          <reporter-output>
          </reporter-output>
        </test-method> <!-- close -->
      </class> <!-- TestsObjects.AddModels -->
    </test> <!-- Test -->
  </suite> <!-- Suite -->
</testng-results>
