<?xml version="1.0" encoding="UTF-8"?>
<!-- Generated by org.testng.reporters.JUnitXMLReporter -->
<testsuite ignored="0" hostname="DESKTOP-V1OII0Q" failures="0" tests="3" name="Test" time="33.905" errors="0" timestamp="2023-05-23T17:38:45 IDT">
  <testcase classname="TestsObjects.AddModels" name="MadeLogin" time="2.85"/>
  <testcase classname="TestsObjects.AddModels" name="NewModel" time="2.002"/>
  <testcase classname="TestsObjects.AddModels" name="ExisitingModel" time="21.133"/>
</testsuite> <!-- Test -->
