<?xml version="1.0" encoding="UTF-8"?>
<testng-results ignored="0" total="13" passed="13" failed="0" skipped="0">
  <reporter-output>
  </reporter-output>
  <suite started-at="2021-08-09T01:14:25 IDT" name="Suite" finished-at="2021-08-09T01:15:22 IDT" duration-ms="56657">
    <groups>
      <group name="sanity-group">
        <method signature="CreateCircleTest.CreateCircle()[pri:1, instance:TestsObjects.CreateCircleTest@3cae7b8b]" name="CreateCircle" class="TestsObjects.CreateCircleTest"/>
        <method signature="CreatePolyLineTest.CreatePolyLine()[pri:1, instance:TestsObjects.CreatePolyLineTest@7ae9a33a]" name="CreatePolyLine" class="TestsObjects.CreatePolyLineTest"/>
        <method signature="CreatePolygonTest.CreateCircle()[pri:1, instance:TestsObjects.CreatePolygonTest@184dbacc]" name="CreateCircle" class="TestsObjects.CreatePolygonTest"/>
        <method signature="DeleteCircleTest.CreateCircle()[pri:1, instance:TestsObjects.DeleteCircleTest@2aeefcc]" name="CreateCircle" class="TestsObjects.DeleteCircleTest"/>
        <method signature="DeleteCircleTest.DeleteCircle()[pri:2, instance:TestsObjects.DeleteCircleTest@2aeefcc]" name="DeleteCircle" class="TestsObjects.DeleteCircleTest"/>
        <method signature="DivdePolygonTest.CreateCircle()[pri:1, instance:TestsObjects.DivdePolygonTest@359ff4d9]" name="CreateCircle" class="TestsObjects.DivdePolygonTest"/>
        <method signature="DivdePolygonTest.DividePolygon()[pri:2, instance:TestsObjects.DivdePolygonTest@359ff4d9]" name="DividePolygon" class="TestsObjects.DivdePolygonTest"/>
        <method signature="DragPolygonTest.CreateCircle()[pri:1, instance:TestsObjects.DragPolygonTest@f4cfd90]" name="CreateCircle" class="TestsObjects.DragPolygonTest"/>
        <method signature="DragPolygonTest.DragAndDropPolygon()[pri:2, instance:TestsObjects.DragPolygonTest@f4cfd90]" name="DragAndDropPolygon" class="TestsObjects.DragPolygonTest"/>
        <method signature="EditPolyLineTest.CreatePolyLine()[pri:1, instance:TestsObjects.EditPolyLineTest@7a22a3c2]" name="CreatePolyLine" class="TestsObjects.EditPolyLineTest"/>
        <method signature="EditPolyLineTest.EditPolyLineCircle()[pri:2, instance:TestsObjects.EditPolyLineTest@7a22a3c2]" name="EditPolyLineCircle" class="TestsObjects.EditPolyLineTest"/>
        <method signature="ZoomInTest.ZoomIn()[pri:1, instance:TestsObjects.ZoomInTest@301aa982]" name="ZoomIn" class="TestsObjects.ZoomInTest"/>
        <method signature="ZoomOutTest.ZoomOut()[pri:1, instance:TestsObjects.ZoomOutTest@5fc930f0]" name="ZoomOut" class="TestsObjects.ZoomOutTest"/>
      </group> <!-- sanity-group -->
    </groups>
    <test started-at="2021-08-09T01:14:25 IDT" name="Test" finished-at="2021-08-09T01:15:22 IDT" duration-ms="56657">
      <class name="TestsObjects.ZoomOutTest">
        <test-method is-config="true" signature="setupCapability(org.testng.ITestContext)[pri:0, instance:TestsObjects.ZoomOutTest@5fc930f0]" started-at="2021-08-09T01:15:12 IDT" name="setupCapability" finished-at="2021-08-09T01:15:17 IDT" duration-ms="4709" status="PASS">
          <params>
            <param index="0">
              <value>
                <![CDATA[org.testng.TestRunner@31edeac]]>
              </value>
            </param>
          </params>
          <reporter-output>
          </reporter-output>
        </test-method> <!-- setupCapability -->
        <test-method signature="ZoomOut()[pri:1, instance:TestsObjects.ZoomOutTest@5fc930f0]" started-at="2021-08-09T01:15:17 IDT" name="ZoomOut" finished-at="2021-08-09T01:15:21 IDT" duration-ms="4326" status="PASS">
          <reporter-output>
          </reporter-output>
        </test-method> <!-- ZoomOut -->
        <test-method is-config="true" signature="close()[pri:0, instance:TestsObjects.ZoomOutTest@5fc930f0]" started-at="2021-08-09T01:15:21 IDT" name="close" finished-at="2021-08-09T01:15:22 IDT" duration-ms="202" status="PASS">
          <reporter-output>
          </reporter-output>
        </test-method> <!-- close -->
      </class> <!-- TestsObjects.ZoomOutTest -->
      <class name="TestsObjects.CreatePolyLineTest">
        <test-method is-config="true" signature="setupCapability(org.testng.ITestContext)[pri:0, instance:TestsObjects.CreatePolyLineTest@7ae9a33a]" started-at="2021-08-09T01:15:01 IDT" name="setupCapability" finished-at="2021-08-09T01:15:06 IDT" duration-ms="5167" status="PASS">
          <params>
            <param index="0">
              <value>
                <![CDATA[org.testng.TestRunner@31edeac]]>
              </value>
            </param>
          </params>
          <reporter-output>
          </reporter-output>
        </test-method> <!-- setupCapability -->
        <test-method signature="CreatePolyLine()[pri:1, instance:TestsObjects.CreatePolyLineTest@7ae9a33a]" started-at="2021-08-09T01:15:06 IDT" name="CreatePolyLine" finished-at="2021-08-09T01:15:06 IDT" duration-ms="471" status="PASS">
          <reporter-output>
          </reporter-output>
        </test-method> <!-- CreatePolyLine -->
        <test-method is-config="true" signature="close()[pri:0, instance:TestsObjects.CreatePolyLineTest@7ae9a33a]" started-at="2021-08-09T01:15:06 IDT" name="close" finished-at="2021-08-09T01:15:07 IDT" duration-ms="206" status="PASS">
          <reporter-output>
          </reporter-output>
        </test-method> <!-- close -->
      </class> <!-- TestsObjects.CreatePolyLineTest -->
      <class name="TestsObjects.CreateCircleTest">
        <test-method is-config="true" signature="setupCapability(org.testng.ITestContext)[pri:0, instance:TestsObjects.CreateCircleTest@3cae7b8b]" started-at="2021-08-09T01:14:25 IDT" name="setupCapability" finished-at="2021-08-09T01:14:32 IDT" duration-ms="6888" status="PASS">
          <params>
            <param index="0">
              <value>
                <![CDATA[org.testng.TestRunner@31edeac]]>
              </value>
            </param>
          </params>
          <reporter-output>
          </reporter-output>
        </test-method> <!-- setupCapability -->
        <test-method signature="CreateCircle()[pri:1, instance:TestsObjects.CreateCircleTest@3cae7b8b]" started-at="2021-08-09T01:14:32 IDT" name="CreateCircle" finished-at="2021-08-09T01:14:32 IDT" duration-ms="560" status="PASS">
          <reporter-output>
          </reporter-output>
        </test-method> <!-- CreateCircle -->
        <test-method is-config="true" signature="close()[pri:0, instance:TestsObjects.CreateCircleTest@3cae7b8b]" started-at="2021-08-09T01:14:33 IDT" name="close" finished-at="2021-08-09T01:14:33 IDT" duration-ms="184" status="PASS">
          <reporter-output>
          </reporter-output>
        </test-method> <!-- close -->
      </class> <!-- TestsObjects.CreateCircleTest -->
      <class name="TestsObjects.CreatePolygonTest">
        <test-method is-config="true" signature="setupCapability(org.testng.ITestContext)[pri:0, instance:TestsObjects.CreatePolygonTest@184dbacc]" started-at="2021-08-09T01:14:33 IDT" name="setupCapability" finished-at="2021-08-09T01:14:37 IDT" duration-ms="4193" status="PASS">
          <params>
            <param index="0">
              <value>
                <![CDATA[org.testng.TestRunner@31edeac]]>
              </value>
            </param>
          </params>
          <reporter-output>
          </reporter-output>
        </test-method> <!-- setupCapability -->
        <test-method signature="CreateCircle()[pri:1, instance:TestsObjects.CreatePolygonTest@184dbacc]" started-at="2021-08-09T01:14:37 IDT" name="CreateCircle" finished-at="2021-08-09T01:14:38 IDT" duration-ms="741" status="PASS">
          <reporter-output>
          </reporter-output>
        </test-method> <!-- CreateCircle -->
        <test-method is-config="true" signature="close()[pri:0, instance:TestsObjects.CreatePolygonTest@184dbacc]" started-at="2021-08-09T01:14:38 IDT" name="close" finished-at="2021-08-09T01:14:38 IDT" duration-ms="176" status="PASS">
          <reporter-output>
          </reporter-output>
        </test-method> <!-- close -->
      </class> <!-- TestsObjects.CreatePolygonTest -->
      <class name="TestsObjects.EditPolyLineTest">
        <test-method is-config="true" signature="setupCapability(org.testng.ITestContext)[pri:0, instance:TestsObjects.EditPolyLineTest@7a22a3c2]" started-at="2021-08-09T01:14:55 IDT" name="setupCapability" finished-at="2021-08-09T01:14:59 IDT" duration-ms="4196" status="PASS">
          <params>
            <param index="0">
              <value>
                <![CDATA[org.testng.TestRunner@31edeac]]>
              </value>
            </param>
          </params>
          <reporter-output>
          </reporter-output>
        </test-method> <!-- setupCapability -->
        <test-method signature="CreatePolyLine()[pri:1, instance:TestsObjects.EditPolyLineTest@7a22a3c2]" started-at="2021-08-09T01:14:59 IDT" name="CreatePolyLine" finished-at="2021-08-09T01:15:00 IDT" duration-ms="451" status="PASS">
          <reporter-output>
          </reporter-output>
        </test-method> <!-- CreatePolyLine -->
        <test-method signature="EditPolyLineCircle()[pri:2, instance:TestsObjects.EditPolyLineTest@7a22a3c2]" started-at="2021-08-09T01:15:00 IDT" name="EditPolyLineCircle" finished-at="2021-08-09T01:15:01 IDT" duration-ms="674" status="PASS">
          <reporter-output>
          </reporter-output>
        </test-method> <!-- EditPolyLineCircle -->
        <test-method is-config="true" signature="close()[pri:0, instance:TestsObjects.EditPolyLineTest@7a22a3c2]" started-at="2021-08-09T01:15:01 IDT" name="close" finished-at="2021-08-09T01:15:01 IDT" duration-ms="196" status="PASS">
          <reporter-output>
          </reporter-output>
        </test-method> <!-- close -->
      </class> <!-- TestsObjects.EditPolyLineTest -->
      <class name="TestsObjects.ZoomInTest">
        <test-method is-config="true" signature="setupCapability(org.testng.ITestContext)[pri:0, instance:TestsObjects.ZoomInTest@301aa982]" started-at="2021-08-09T01:15:07 IDT" name="setupCapability" finished-at="2021-08-09T01:15:11 IDT" duration-ms="4495" status="PASS">
          <params>
            <param index="0">
              <value>
                <![CDATA[org.testng.TestRunner@31edeac]]>
              </value>
            </param>
          </params>
          <reporter-output>
          </reporter-output>
        </test-method> <!-- setupCapability -->
        <test-method signature="ZoomIn()[pri:1, instance:TestsObjects.ZoomInTest@301aa982]" started-at="2021-08-09T01:15:11 IDT" name="ZoomIn" finished-at="2021-08-09T01:15:12 IDT" duration-ms="1014" status="PASS">
          <reporter-output>
          </reporter-output>
        </test-method> <!-- ZoomIn -->
        <test-method is-config="true" signature="close()[pri:0, instance:TestsObjects.ZoomInTest@301aa982]" started-at="2021-08-09T01:15:12 IDT" name="close" finished-at="2021-08-09T01:15:12 IDT" duration-ms="202" status="PASS">
          <reporter-output>
          </reporter-output>
        </test-method> <!-- close -->
      </class> <!-- TestsObjects.ZoomInTest -->
      <class name="TestsObjects.DivdePolygonTest">
        <test-method is-config="true" signature="setupCapability(org.testng.ITestContext)[pri:0, instance:TestsObjects.DivdePolygonTest@359ff4d9]" started-at="2021-08-09T01:14:49 IDT" name="setupCapability" finished-at="2021-08-09T01:14:54 IDT" duration-ms="4650" status="PASS">
          <params>
            <param index="0">
              <value>
                <![CDATA[org.testng.TestRunner@31edeac]]>
              </value>
            </param>
          </params>
          <reporter-output>
          </reporter-output>
        </test-method> <!-- setupCapability -->
        <test-method signature="CreateCircle()[pri:1, instance:TestsObjects.DivdePolygonTest@359ff4d9]" started-at="2021-08-09T01:14:54 IDT" name="CreateCircle" finished-at="2021-08-09T01:14:54 IDT" duration-ms="735" status="PASS">
          <reporter-output>
          </reporter-output>
        </test-method> <!-- CreateCircle -->
        <test-method signature="DividePolygon()[pri:2, instance:TestsObjects.DivdePolygonTest@359ff4d9]" started-at="2021-08-09T01:14:54 IDT" name="DividePolygon" finished-at="2021-08-09T01:14:55 IDT" duration-ms="670" status="PASS">
          <reporter-output>
          </reporter-output>
        </test-method> <!-- DividePolygon -->
        <test-method is-config="true" signature="close()[pri:0, instance:TestsObjects.DivdePolygonTest@359ff4d9]" started-at="2021-08-09T01:14:55 IDT" name="close" finished-at="2021-08-09T01:14:55 IDT" duration-ms="180" status="PASS">
          <reporter-output>
          </reporter-output>
        </test-method> <!-- close -->
      </class> <!-- TestsObjects.DivdePolygonTest -->
      <class name="TestsObjects.DeleteCircleTest">
        <test-method is-config="true" signature="setupCapability(org.testng.ITestContext)[pri:0, instance:TestsObjects.DeleteCircleTest@2aeefcc]" started-at="2021-08-09T01:14:38 IDT" name="setupCapability" finished-at="2021-08-09T01:14:43 IDT" duration-ms="4674" status="PASS">
          <params>
            <param index="0">
              <value>
                <![CDATA[org.testng.TestRunner@31edeac]]>
              </value>
            </param>
          </params>
          <reporter-output>
          </reporter-output>
        </test-method> <!-- setupCapability -->
        <test-method signature="CreateCircle()[pri:1, instance:TestsObjects.DeleteCircleTest@2aeefcc]" started-at="2021-08-09T01:14:43 IDT" name="CreateCircle" finished-at="2021-08-09T01:14:43 IDT" duration-ms="425" status="PASS">
          <reporter-output>
          </reporter-output>
        </test-method> <!-- CreateCircle -->
        <test-method signature="DeleteCircle()[pri:2, instance:TestsObjects.DeleteCircleTest@2aeefcc]" started-at="2021-08-09T01:14:43 IDT" name="DeleteCircle" finished-at="2021-08-09T01:14:43 IDT" duration-ms="145" status="PASS">
          <reporter-output>
          </reporter-output>
        </test-method> <!-- DeleteCircle -->
        <test-method is-config="true" signature="close()[pri:0, instance:TestsObjects.DeleteCircleTest@2aeefcc]" started-at="2021-08-09T01:14:43 IDT" name="close" finished-at="2021-08-09T01:14:43 IDT" duration-ms="193" status="PASS">
          <reporter-output>
          </reporter-output>
        </test-method> <!-- close -->
      </class> <!-- TestsObjects.DeleteCircleTest -->
      <class name="TestsObjects.DragPolygonTest">
        <test-method is-config="true" signature="setupCapability(org.testng.ITestContext)[pri:0, instance:TestsObjects.DragPolygonTest@f4cfd90]" started-at="2021-08-09T01:14:43 IDT" name="setupCapability" finished-at="2021-08-09T01:14:48 IDT" duration-ms="4358" status="PASS">
          <params>
            <param index="0">
              <value>
                <![CDATA[org.testng.TestRunner@31edeac]]>
              </value>
            </param>
          </params>
          <reporter-output>
          </reporter-output>
        </test-method> <!-- setupCapability -->
        <test-method signature="CreateCircle()[pri:1, instance:TestsObjects.DragPolygonTest@f4cfd90]" started-at="2021-08-09T01:14:48 IDT" name="CreateCircle" finished-at="2021-08-09T01:14:48 IDT" duration-ms="701" status="PASS">
          <reporter-output>
          </reporter-output>
        </test-method> <!-- CreateCircle -->
        <test-method signature="DragAndDropPolygon()[pri:2, instance:TestsObjects.DragPolygonTest@f4cfd90]" started-at="2021-08-09T01:14:48 IDT" name="DragAndDropPolygon" finished-at="2021-08-09T01:14:49 IDT" duration-ms="510" status="PASS">
          <reporter-output>
          </reporter-output>
        </test-method> <!-- DragAndDropPolygon -->
        <test-method is-config="true" signature="close()[pri:0, instance:TestsObjects.DragPolygonTest@f4cfd90]" started-at="2021-08-09T01:14:49 IDT" name="close" finished-at="2021-08-09T01:14:49 IDT" duration-ms="194" status="PASS">
          <reporter-output>
          </reporter-output>
        </test-method> <!-- close -->
      </class> <!-- TestsObjects.DragPolygonTest -->
    </test> <!-- Test -->
  </suite> <!-- Suite -->
</testng-results>
